<?xml version="1.0" encoding="utf-8"?><testsuites name="pytest tests"><testsuite name="pytest" errors="0" failures="2" skipped="0" tests="18" time="6.502" timestamp="2026-02-02T08:23:26.237139+00:00" hostname="agent-env-3e84e02a-d643-4db4-aae6-93f478cd21a5"><testcase classname="tests.test_fgl_api.TestAuthentication" name="test_login_success" time="0.352" /><testcase classname="tests.test_fgl_api.TestAuthentication" name="test_login_invalid_credentials" time="0.048" /><testcase classname="tests.test_fgl_api.TestDashboard" name="test_monthly_summary" time="0.318" /><testcase classname="tests.test_fgl_api.TestDashboard" name="test_total_summary" time="0.344" /><testcase classname="tests.test_fgl_api.TestMeetings" name="test_create_meeting_with_otc_currency_unit" time="0.391" /><testcase classname="tests.test_fgl_api.TestMeetings" name="test_list_meetings" time="0.432" /><testcase classname="tests.test_fgl_api.TestPipelines" name="test_create_pipeline_with_delivered_status" time="0.559" /><testcase classname="tests.test_fgl_api.TestPipelines" name="test_pipeline_delivered_status_options" time="0.621" /><testcase classname="tests.test_fgl_api.TestPipelines" name="test_list_pipelines" time="0.343" /><testcase classname="tests.test_fgl_api.TestPipelines" name="test_pipeline_summary" time="0.341" /><testcase classname="tests.test_fgl_api.TestDelivered" name="test_list_delivered" time="0.303"><failure message="AssertionError: List delivered failed: Internal Server Error&#10;assert 520 == 200&#10; +  where 520 = &lt;Response [520]&gt;.status_code">tests/test_fgl_api.py:331: in test_list_delivered
    assert response.status_code == 200, f"List delivered failed: {response.text}"
E   AssertionError: List delivered failed: Internal Server Error
E   assert 520 == 200
E    +  where 520 = &lt;Response [520]&gt;.status_code</failure></testcase><testcase classname="tests.test_fgl_api.TestDelivered" name="test_delivered_from_pipeline" time="0.309"><failure message="AssertionError: Delivered from pipeline failed: {&quot;detail&quot;:&quot;Pipeline not found&quot;}&#10;assert 404 == 200&#10; +  where 404 = &lt;Response [404]&gt;.status_code">tests/test_fgl_api.py:340: in test_delivered_from_pipeline
    assert response.status_code == 200, f"Delivered from pipeline failed: {response.text}"
E   AssertionError: Delivered from pipeline failed: {"detail":"Pipeline not found"}
E   assert 404 == 200
E    +  where 404 = &lt;Response [404]&gt;.status_code</failure></testcase><testcase classname="tests.test_fgl_api.TestKPIAssignments" name="test_list_kpi_assignments" time="0.340" /><testcase classname="tests.test_fgl_api.TestKPIAssignments" name="test_create_kpi_assignment_with_score_target" time="0.398" /><testcase classname="tests.test_fgl_api.TestKAMManagement" name="test_kam_rankings" time="0.301" /><testcase classname="tests.test_fgl_api.TestKAMManagement" name="test_kam_profiles" time="0.309" /><testcase classname="tests.test_fgl_api.TestKAMManagement" name="test_kam_profile_detail" time="0.338" /><testcase classname="tests.test_fgl_api.TestUsers" name="test_list_kams" time="0.341" /></testsuite></testsuites>